Spark Command: /usr/lib/jvm/java-8-openjdk-amd64/jre/bin/java -cp /usr/local/spark/conf/:/usr/local/spark/jars/*:/usr/local/hadoop/etc/hadoop/ -Xmx1g org.apache.spark.deploy.master.Master --host namenode --port 7077 --webui-port 8080
========================================
20/04/26 05:57:45 INFO master.Master: Started daemon with process name: 19123@namenode
20/04/26 05:57:45 INFO util.SignalUtils: Registered signal handler for TERM
20/04/26 05:57:45 INFO util.SignalUtils: Registered signal handler for HUP
20/04/26 05:57:45 INFO util.SignalUtils: Registered signal handler for INT
20/04/26 05:57:45 WARN util.NativeCodeLoader: Unable to load native-hadoop library for your platform... using builtin-java classes where applicable
20/04/26 05:57:45 INFO spark.SecurityManager: Changing view acls to: root
20/04/26 05:57:45 INFO spark.SecurityManager: Changing modify acls to: root
20/04/26 05:57:45 INFO spark.SecurityManager: Changing view acls groups to: 
20/04/26 05:57:45 INFO spark.SecurityManager: Changing modify acls groups to: 
20/04/26 05:57:45 INFO spark.SecurityManager: SecurityManager: authentication disabled; ui acls disabled; users  with view permissions: Set(root); groups with view permissions: Set(); users  with modify permissions: Set(root); groups with modify permissions: Set()
20/04/26 05:57:46 INFO util.Utils: Successfully started service 'sparkMaster' on port 7077.
20/04/26 05:57:46 INFO master.Master: Starting Spark master at spark://namenode:7077
20/04/26 05:57:46 INFO master.Master: Running Spark version 2.4.5
20/04/26 05:57:46 INFO util.log: Logging initialized @2334ms
20/04/26 05:57:46 INFO server.Server: jetty-9.3.z-SNAPSHOT, build timestamp: unknown, git hash: unknown
20/04/26 05:57:46 INFO server.Server: Started @2504ms
20/04/26 05:57:46 INFO server.AbstractConnector: Started ServerConnector@8d2cf5b{HTTP/1.1,[http/1.1]}{0.0.0.0:8080}
20/04/26 05:57:46 INFO util.Utils: Successfully started service 'MasterUI' on port 8080.
20/04/26 05:57:46 INFO handler.ContextHandler: Started o.s.j.s.ServletContextHandler@30762d72{/app,null,AVAILABLE,@Spark}
20/04/26 05:57:46 INFO handler.ContextHandler: Started o.s.j.s.ServletContextHandler@38fe62fd{/app/json,null,AVAILABLE,@Spark}
20/04/26 05:57:46 INFO handler.ContextHandler: Started o.s.j.s.ServletContextHandler@136cbf8b{/,null,AVAILABLE,@Spark}
20/04/26 05:57:46 INFO handler.ContextHandler: Started o.s.j.s.ServletContextHandler@45c8e917{/json,null,AVAILABLE,@Spark}
20/04/26 05:57:46 INFO handler.ContextHandler: Started o.s.j.s.ServletContextHandler@eea92d9{/static,null,AVAILABLE,@Spark}
20/04/26 05:57:46 INFO handler.ContextHandler: Started o.s.j.s.ServletContextHandler@53b38b3e{/app/kill,null,AVAILABLE,@Spark}
20/04/26 05:57:46 INFO handler.ContextHandler: Started o.s.j.s.ServletContextHandler@68ee5845{/driver/kill,null,AVAILABLE,@Spark}
20/04/26 05:57:46 INFO ui.MasterWebUI: Bound MasterWebUI to 0.0.0.0, and started at http://namenode:8080
20/04/26 05:57:47 INFO handler.ContextHandler: Started o.s.j.s.ServletContextHandler@3f76f264{/metrics/master/json,null,AVAILABLE,@Spark}
20/04/26 05:57:47 INFO handler.ContextHandler: Started o.s.j.s.ServletContextHandler@4314f6b1{/metrics/applications/json,null,AVAILABLE,@Spark}
20/04/26 05:57:47 INFO master.Master: I have been elected leader! New state: ALIVE
20/04/26 05:57:55 INFO master.Master: Registering worker 10.128.0.3:34863 with 1 cores, 1024.0 MB RAM
20/04/26 05:57:56 INFO master.Master: Registering worker 10.128.0.4:36895 with 1 cores, 1024.0 MB RAM
20/04/26 05:57:56 INFO master.Master: Registering worker 10.128.0.5:42341 with 1 cores, 1024.0 MB RAM
